2022/03/20 17:51:41 [notice] 1#1: using the "epoll" event method
2022/03/20 17:51:41 [notice] 1#1: nginx/1.21.6
2022/03/20 17:51:41 [notice] 1#1: built by gcc 10.2.1 20210110 (Debian 10.2.1-6) 
2022/03/20 17:51:41 [notice] 1#1: OS: Linux 5.10.76-linuxkit
2022/03/20 17:51:41 [notice] 1#1: getrlimit(RLIMIT_NOFILE): 1048576:1048576
2022/03/20 17:51:41 [notice] 1#1: start worker processes
2022/03/20 17:51:41 [notice] 1#1: start worker process 30
2022/03/20 17:51:41 [notice] 1#1: start worker process 31
2022/03/20 17:53:11 [notice] 1#1: signal 3 (SIGQUIT) received, shutting down
2022/03/20 17:53:11 [notice] 31#31: gracefully shutting down
2022/03/20 17:53:11 [notice] 31#31: exiting
2022/03/20 17:53:11 [notice] 30#30: gracefully shutting down
2022/03/20 17:53:11 [notice] 31#31: exit
2022/03/20 17:53:11 [notice] 30#30: exiting
2022/03/20 17:53:11 [notice] 30#30: exit
2022/03/20 17:53:11 [notice] 1#1: signal 17 (SIGCHLD) received from 31
2022/03/20 17:53:11 [notice] 1#1: worker process 31 exited with code 0
2022/03/20 17:53:11 [notice] 1#1: worker process 30 exited with code 0
2022/03/20 17:53:11 [notice] 1#1: exit
2022/03/20 17:53:33 [notice] 1#1: using the "epoll" event method
2022/03/20 17:53:33 [notice] 1#1: nginx/1.21.6
2022/03/20 17:53:33 [notice] 1#1: built by gcc 10.2.1 20210110 (Debian 10.2.1-6) 
2022/03/20 17:53:33 [notice] 1#1: OS: Linux 5.10.76-linuxkit
2022/03/20 17:53:33 [notice] 1#1: getrlimit(RLIMIT_NOFILE): 1048576:1048576
2022/03/20 17:53:33 [notice] 1#1: start worker processes
2022/03/20 17:53:33 [notice] 1#1: start worker process 31
2022/03/20 17:53:33 [notice] 1#1: start worker process 32
2022/03/20 17:54:26 [notice] 1#1: signal 3 (SIGQUIT) received, shutting down
2022/03/20 17:54:26 [notice] 31#31: gracefully shutting down
2022/03/20 17:54:26 [notice] 31#31: exiting
2022/03/20 17:54:26 [notice] 32#32: gracefully shutting down
2022/03/20 17:54:26 [notice] 31#31: exit
2022/03/20 17:54:26 [notice] 32#32: exiting
2022/03/20 17:54:26 [notice] 32#32: exit
2022/03/20 17:54:26 [notice] 1#1: signal 17 (SIGCHLD) received from 31
2022/03/20 17:54:26 [notice] 1#1: worker process 31 exited with code 0
2022/03/20 17:54:26 [notice] 1#1: signal 29 (SIGIO) received
2022/03/20 17:54:26 [notice] 1#1: signal 17 (SIGCHLD) received from 32
2022/03/20 17:54:26 [notice] 1#1: worker process 32 exited with code 0
2022/03/20 17:54:26 [notice] 1#1: exit
2022/03/20 17:54:49 [notice] 1#1: using the "epoll" event method
2022/03/20 17:54:49 [notice] 1#1: nginx/1.21.6
2022/03/20 17:54:49 [notice] 1#1: built by gcc 10.2.1 20210110 (Debian 10.2.1-6) 
2022/03/20 17:54:49 [notice] 1#1: OS: Linux 5.10.76-linuxkit
2022/03/20 17:54:49 [notice] 1#1: getrlimit(RLIMIT_NOFILE): 1048576:1048576
2022/03/20 17:54:49 [notice] 1#1: start worker processes
2022/03/20 17:54:49 [notice] 1#1: start worker process 30
2022/03/20 17:54:49 [notice] 1#1: start worker process 31
2022/03/20 17:57:41 [notice] 1#1: signal 3 (SIGQUIT) received, shutting down
2022/03/20 17:57:41 [notice] 30#30: gracefully shutting down
2022/03/20 17:57:41 [notice] 30#30: exiting
2022/03/20 17:57:41 [notice] 31#31: gracefully shutting down
2022/03/20 17:57:41 [notice] 30#30: exit
2022/03/20 17:57:41 [notice] 31#31: exiting
2022/03/20 17:57:41 [notice] 31#31: exit
2022/03/20 17:57:41 [notice] 1#1: signal 17 (SIGCHLD) received from 30
2022/03/20 17:57:41 [notice] 1#1: worker process 30 exited with code 0
2022/03/20 17:57:41 [notice] 1#1: signal 29 (SIGIO) received
2022/03/20 17:57:41 [notice] 1#1: signal 17 (SIGCHLD) received from 31
2022/03/20 17:57:41 [notice] 1#1: worker process 31 exited with code 0
2022/03/20 17:57:41 [notice] 1#1: exit
2022/03/20 17:58:07 [notice] 1#1: using the "epoll" event method
2022/03/20 17:58:07 [notice] 1#1: nginx/1.21.6
2022/03/20 17:58:07 [notice] 1#1: built by gcc 10.2.1 20210110 (Debian 10.2.1-6) 
2022/03/20 17:58:07 [notice] 1#1: OS: Linux 5.10.76-linuxkit
2022/03/20 17:58:07 [notice] 1#1: getrlimit(RLIMIT_NOFILE): 1048576:1048576
2022/03/20 17:58:07 [notice] 1#1: start worker processes
2022/03/20 17:58:07 [notice] 1#1: start worker process 30
2022/03/20 17:58:07 [notice] 1#1: start worker process 31
2022/03/20 18:01:47 [notice] 1#1: signal 3 (SIGQUIT) received, shutting down
2022/03/20 18:01:47 [notice] 31#31: gracefully shutting down
2022/03/20 18:01:47 [notice] 31#31: exiting
2022/03/20 18:01:47 [notice] 30#30: gracefully shutting down
2022/03/20 18:01:47 [notice] 30#30: exiting
2022/03/20 18:01:47 [notice] 31#31: exit
2022/03/20 18:01:47 [notice] 30#30: exit
2022/03/20 18:01:47 [notice] 1#1: signal 17 (SIGCHLD) received from 31
2022/03/20 18:01:47 [notice] 1#1: worker process 30 exited with code 0
2022/03/20 18:01:47 [notice] 1#1: worker process 31 exited with code 0
2022/03/20 18:01:47 [notice] 1#1: exit
2022/03/20 18:02:11 [notice] 1#1: using the "epoll" event method
2022/03/20 18:02:11 [notice] 1#1: nginx/1.21.6
2022/03/20 18:02:11 [notice] 1#1: built by gcc 10.2.1 20210110 (Debian 10.2.1-6) 
2022/03/20 18:02:11 [notice] 1#1: OS: Linux 5.10.76-linuxkit
2022/03/20 18:02:11 [notice] 1#1: getrlimit(RLIMIT_NOFILE): 1048576:1048576
2022/03/20 18:02:11 [notice] 1#1: start worker processes
2022/03/20 18:02:11 [notice] 1#1: start worker process 32
2022/03/20 18:02:11 [notice] 1#1: start worker process 33
2022/03/20 18:04:09 [notice] 1#1: signal 3 (SIGQUIT) received, shutting down
2022/03/20 18:04:09 [notice] 33#33: gracefully shutting down
2022/03/20 18:04:09 [notice] 33#33: exiting
2022/03/20 18:04:09 [notice] 32#32: gracefully shutting down
2022/03/20 18:04:09 [notice] 32#32: exiting
2022/03/20 18:04:09 [notice] 33#33: exit
2022/03/20 18:04:09 [notice] 32#32: exit
2022/03/20 18:04:09 [notice] 1#1: signal 17 (SIGCHLD) received from 33
2022/03/20 18:04:09 [notice] 1#1: worker process 33 exited with code 0
2022/03/20 18:04:09 [notice] 1#1: signal 29 (SIGIO) received
2022/03/20 18:04:09 [notice] 1#1: signal 17 (SIGCHLD) received from 32
2022/03/20 18:04:09 [notice] 1#1: worker process 32 exited with code 0
2022/03/20 18:04:09 [notice] 1#1: exit
2022/03/20 18:04:35 [notice] 1#1: using the "epoll" event method
2022/03/20 18:04:35 [notice] 1#1: nginx/1.21.6
2022/03/20 18:04:35 [notice] 1#1: built by gcc 10.2.1 20210110 (Debian 10.2.1-6) 
2022/03/20 18:04:35 [notice] 1#1: OS: Linux 5.10.76-linuxkit
2022/03/20 18:04:35 [notice] 1#1: getrlimit(RLIMIT_NOFILE): 1048576:1048576
2022/03/20 18:04:35 [notice] 1#1: start worker processes
2022/03/20 18:04:35 [notice] 1#1: start worker process 31
2022/03/20 18:04:35 [notice] 1#1: start worker process 32
2022/03/20 18:05:40 [notice] 1#1: signal 3 (SIGQUIT) received, shutting down
2022/03/20 18:05:40 [notice] 31#31: gracefully shutting down
2022/03/20 18:05:40 [notice] 31#31: exiting
2022/03/20 18:05:40 [notice] 32#32: gracefully shutting down
2022/03/20 18:05:40 [notice] 32#32: exiting
2022/03/20 18:05:40 [notice] 31#31: exit
2022/03/20 18:05:40 [notice] 32#32: exit
2022/03/20 18:05:40 [notice] 1#1: signal 17 (SIGCHLD) received from 31
2022/03/20 18:05:40 [notice] 1#1: worker process 31 exited with code 0
2022/03/20 18:05:40 [notice] 1#1: signal 29 (SIGIO) received
2022/03/20 18:05:40 [notice] 1#1: signal 17 (SIGCHLD) received from 32
2022/03/20 18:05:40 [notice] 1#1: worker process 32 exited with code 0
2022/03/20 18:05:40 [notice] 1#1: exit
2022/03/20 18:06:03 [notice] 1#1: using the "epoll" event method
2022/03/20 18:06:03 [notice] 1#1: nginx/1.21.6
2022/03/20 18:06:03 [notice] 1#1: built by gcc 10.2.1 20210110 (Debian 10.2.1-6) 
2022/03/20 18:06:03 [notice] 1#1: OS: Linux 5.10.76-linuxkit
2022/03/20 18:06:03 [notice] 1#1: getrlimit(RLIMIT_NOFILE): 1048576:1048576
2022/03/20 18:06:03 [notice] 1#1: start worker processes
2022/03/20 18:06:03 [notice] 1#1: start worker process 31
2022/03/20 18:06:03 [notice] 1#1: start worker process 32
2022/03/20 18:07:49 [notice] 1#1: signal 3 (SIGQUIT) received, shutting down
2022/03/20 18:07:49 [notice] 31#31: gracefully shutting down
2022/03/20 18:07:49 [notice] 31#31: exiting
2022/03/20 18:07:49 [notice] 32#32: gracefully shutting down
2022/03/20 18:07:49 [notice] 31#31: exit
2022/03/20 18:07:49 [notice] 32#32: exiting
2022/03/20 18:07:49 [notice] 32#32: exit
2022/03/20 18:07:49 [notice] 1#1: signal 17 (SIGCHLD) received from 31
2022/03/20 18:07:49 [notice] 1#1: worker process 31 exited with code 0
2022/03/20 18:07:49 [notice] 1#1: signal 29 (SIGIO) received
2022/03/20 18:07:49 [notice] 1#1: signal 17 (SIGCHLD) received from 32
2022/03/20 18:07:49 [notice] 1#1: worker process 32 exited with code 0
2022/03/20 18:07:49 [notice] 1#1: exit
2022/03/20 18:08:14 [notice] 1#1: using the "epoll" event method
2022/03/20 18:08:14 [notice] 1#1: nginx/1.21.6
2022/03/20 18:08:14 [notice] 1#1: built by gcc 10.2.1 20210110 (Debian 10.2.1-6) 
2022/03/20 18:08:14 [notice] 1#1: OS: Linux 5.10.76-linuxkit
2022/03/20 18:08:14 [notice] 1#1: getrlimit(RLIMIT_NOFILE): 1048576:1048576
2022/03/20 18:08:14 [notice] 1#1: start worker processes
2022/03/20 18:08:14 [notice] 1#1: start worker process 30
2022/03/20 18:08:14 [notice] 1#1: start worker process 31
2022/03/20 18:11:39 [notice] 1#1: signal 3 (SIGQUIT) received, shutting down
2022/03/20 18:11:39 [notice] 30#30: gracefully shutting down
2022/03/20 18:11:39 [notice] 30#30: exiting
2022/03/20 18:11:39 [notice] 31#31: gracefully shutting down
2022/03/20 18:11:39 [notice] 30#30: exit
2022/03/20 18:11:39 [notice] 31#31: exiting
2022/03/20 18:11:39 [notice] 31#31: exit
2022/03/20 18:11:39 [notice] 1#1: signal 17 (SIGCHLD) received from 30
2022/03/20 18:11:39 [notice] 1#1: worker process 30 exited with code 0
2022/03/20 18:11:39 [notice] 1#1: signal 29 (SIGIO) received
2022/03/20 18:11:39 [notice] 1#1: signal 17 (SIGCHLD) received from 31
2022/03/20 18:11:39 [notice] 1#1: worker process 31 exited with code 0
2022/03/20 18:11:39 [notice] 1#1: exit
2022/03/20 18:12:03 [notice] 1#1: using the "epoll" event method
2022/03/20 18:12:03 [notice] 1#1: nginx/1.21.6
2022/03/20 18:12:03 [notice] 1#1: built by gcc 10.2.1 20210110 (Debian 10.2.1-6) 
2022/03/20 18:12:03 [notice] 1#1: OS: Linux 5.10.76-linuxkit
2022/03/20 18:12:03 [notice] 1#1: getrlimit(RLIMIT_NOFILE): 1048576:1048576
2022/03/20 18:12:03 [notice] 1#1: start worker processes
2022/03/20 18:12:03 [notice] 1#1: start worker process 32
2022/03/20 18:12:03 [notice] 1#1: start worker process 33
2022/03/20 18:18:02 [notice] 1#1: signal 3 (SIGQUIT) received, shutting down
2022/03/20 18:18:02 [notice] 33#33: gracefully shutting down
2022/03/20 18:18:02 [notice] 32#32: gracefully shutting down
2022/03/20 18:18:02 [notice] 32#32: exiting
2022/03/20 18:18:02 [notice] 33#33: exiting
2022/03/20 18:18:02 [notice] 33#33: exit
2022/03/20 18:18:02 [notice] 32#32: exit
2022/03/20 18:18:03 [notice] 1#1: signal 17 (SIGCHLD) received from 33
2022/03/20 18:18:03 [notice] 1#1: worker process 33 exited with code 0
2022/03/20 18:18:03 [notice] 1#1: signal 29 (SIGIO) received
2022/03/20 18:18:03 [notice] 1#1: signal 17 (SIGCHLD) received from 32
2022/03/20 18:18:03 [notice] 1#1: worker process 32 exited with code 0
2022/03/20 18:18:03 [notice] 1#1: exit
2022/03/20 18:18:41 [notice] 1#1: using the "epoll" event method
2022/03/20 18:18:41 [notice] 1#1: nginx/1.21.6
2022/03/20 18:18:41 [notice] 1#1: built by gcc 10.2.1 20210110 (Debian 10.2.1-6) 
2022/03/20 18:18:41 [notice] 1#1: OS: Linux 5.10.76-linuxkit
2022/03/20 18:18:41 [notice] 1#1: getrlimit(RLIMIT_NOFILE): 1048576:1048576
2022/03/20 18:18:41 [notice] 1#1: start worker processes
2022/03/20 18:18:41 [notice] 1#1: start worker process 31
2022/03/20 18:18:41 [notice] 1#1: start worker process 32
2022/03/20 18:20:15 [notice] 1#1: signal 3 (SIGQUIT) received, shutting down
2022/03/20 18:20:15 [notice] 31#31: gracefully shutting down
2022/03/20 18:20:15 [notice] 31#31: exiting
2022/03/20 18:20:15 [notice] 32#32: gracefully shutting down
2022/03/20 18:20:15 [notice] 31#31: exit
2022/03/20 18:20:15 [notice] 32#32: exiting
2022/03/20 18:20:15 [notice] 32#32: exit
2022/03/20 18:20:15 [notice] 1#1: signal 17 (SIGCHLD) received from 31
2022/03/20 18:20:15 [notice] 1#1: worker process 31 exited with code 0
2022/03/20 18:20:15 [notice] 1#1: worker process 32 exited with code 0
2022/03/20 18:20:16 [notice] 1#1: exit
2022/03/20 18:20:39 [notice] 1#1: using the "epoll" event method
2022/03/20 18:20:39 [notice] 1#1: nginx/1.21.6
2022/03/20 18:20:39 [notice] 1#1: built by gcc 10.2.1 20210110 (Debian 10.2.1-6) 
2022/03/20 18:20:39 [notice] 1#1: OS: Linux 5.10.76-linuxkit
2022/03/20 18:20:39 [notice] 1#1: getrlimit(RLIMIT_NOFILE): 1048576:1048576
2022/03/20 18:20:39 [notice] 1#1: start worker processes
2022/03/20 18:20:39 [notice] 1#1: start worker process 31
2022/03/20 18:20:39 [notice] 1#1: start worker process 32
2022/03/20 18:24:37 [notice] 1#1: signal 3 (SIGQUIT) received, shutting down
2022/03/20 18:24:37 [notice] 32#32: gracefully shutting down
2022/03/20 18:24:37 [notice] 31#31: gracefully shutting down
2022/03/20 18:24:37 [notice] 32#32: exiting
2022/03/20 18:24:37 [notice] 31#31: exiting
2022/03/20 18:24:37 [notice] 32#32: exit
2022/03/20 18:24:37 [notice] 31#31: exit
2022/03/20 18:24:37 [notice] 1#1: signal 17 (SIGCHLD) received from 32
2022/03/20 18:24:37 [notice] 1#1: worker process 32 exited with code 0
2022/03/20 18:24:37 [notice] 1#1: signal 29 (SIGIO) received
2022/03/20 18:24:37 [notice] 1#1: signal 17 (SIGCHLD) received from 31
2022/03/20 18:24:37 [notice] 1#1: worker process 31 exited with code 0
2022/03/20 18:24:37 [notice] 1#1: exit
2022/03/20 18:25:01 [notice] 1#1: using the "epoll" event method
2022/03/20 18:25:01 [notice] 1#1: nginx/1.21.6
2022/03/20 18:25:01 [notice] 1#1: built by gcc 10.2.1 20210110 (Debian 10.2.1-6) 
2022/03/20 18:25:01 [notice] 1#1: OS: Linux 5.10.76-linuxkit
2022/03/20 18:25:01 [notice] 1#1: getrlimit(RLIMIT_NOFILE): 1048576:1048576
2022/03/20 18:25:01 [notice] 1#1: start worker processes
2022/03/20 18:25:01 [notice] 1#1: start worker process 30
2022/03/20 18:25:01 [notice] 1#1: start worker process 31
2022/03/20 18:25:40 [notice] 1#1: signal 3 (SIGQUIT) received, shutting down
2022/03/20 18:25:40 [notice] 30#30: gracefully shutting down
2022/03/20 18:25:40 [notice] 30#30: exiting
2022/03/20 18:25:40 [notice] 31#31: gracefully shutting down
2022/03/20 18:25:40 [notice] 31#31: exiting
2022/03/20 18:25:40 [notice] 30#30: exit
2022/03/20 18:25:40 [notice] 31#31: exit
2022/03/20 18:25:40 [notice] 1#1: signal 17 (SIGCHLD) received from 30
2022/03/20 18:25:40 [notice] 1#1: worker process 30 exited with code 0
2022/03/20 18:25:40 [notice] 1#1: signal 17 (SIGCHLD) received from 31
2022/03/20 18:25:40 [notice] 1#1: worker process 31 exited with code 0
2022/03/20 18:25:40 [notice] 1#1: exit
2022/03/20 18:26:09 [notice] 1#1: using the "epoll" event method
2022/03/20 18:26:09 [notice] 1#1: nginx/1.21.6
2022/03/20 18:26:09 [notice] 1#1: built by gcc 10.2.1 20210110 (Debian 10.2.1-6) 
2022/03/20 18:26:09 [notice] 1#1: OS: Linux 5.10.76-linuxkit
2022/03/20 18:26:09 [notice] 1#1: getrlimit(RLIMIT_NOFILE): 1048576:1048576
2022/03/20 18:26:09 [notice] 1#1: start worker processes
2022/03/20 18:26:09 [notice] 1#1: start worker process 31
2022/03/20 18:26:09 [notice] 1#1: start worker process 32
2022/03/20 18:27:17 [notice] 1#1: signal 3 (SIGQUIT) received, shutting down
2022/03/20 18:27:17 [notice] 32#32: gracefully shutting down
2022/03/20 18:27:17 [notice] 32#32: exiting
2022/03/20 18:27:17 [notice] 31#31: gracefully shutting down
2022/03/20 18:27:17 [notice] 31#31: exiting
2022/03/20 18:27:17 [notice] 32#32: exit
2022/03/20 18:27:17 [notice] 31#31: exit
2022/03/20 18:27:17 [notice] 1#1: signal 17 (SIGCHLD) received from 31
2022/03/20 18:27:17 [notice] 1#1: worker process 31 exited with code 0
2022/03/20 18:27:17 [notice] 1#1: signal 29 (SIGIO) received
2022/03/20 18:27:17 [notice] 1#1: signal 17 (SIGCHLD) received from 32
2022/03/20 18:27:17 [notice] 1#1: worker process 32 exited with code 0
2022/03/20 18:27:17 [notice] 1#1: exit
2022/03/20 18:27:37 [notice] 1#1: using the "epoll" event method
2022/03/20 18:27:37 [notice] 1#1: nginx/1.21.6
2022/03/20 18:27:37 [notice] 1#1: built by gcc 10.2.1 20210110 (Debian 10.2.1-6) 
2022/03/20 18:27:37 [notice] 1#1: OS: Linux 5.10.76-linuxkit
2022/03/20 18:27:37 [notice] 1#1: getrlimit(RLIMIT_NOFILE): 1048576:1048576
2022/03/20 18:27:37 [notice] 1#1: start worker processes
2022/03/20 18:27:37 [notice] 1#1: start worker process 30
2022/03/20 18:27:37 [notice] 1#1: start worker process 31
2022/03/20 18:29:14 [notice] 1#1: signal 3 (SIGQUIT) received, shutting down
2022/03/20 18:29:14 [notice] 30#30: gracefully shutting down
2022/03/20 18:29:14 [notice] 30#30: exiting
2022/03/20 18:29:14 [notice] 31#31: gracefully shutting down
2022/03/20 18:29:14 [notice] 31#31: exiting
2022/03/20 18:29:14 [notice] 30#30: exit
2022/03/20 18:29:14 [notice] 31#31: exit
2022/03/20 18:29:14 [notice] 1#1: signal 17 (SIGCHLD) received from 31
2022/03/20 18:29:14 [notice] 1#1: worker process 30 exited with code 0
2022/03/20 18:29:14 [notice] 1#1: worker process 31 exited with code 0
2022/03/20 18:29:14 [notice] 1#1: exit
2022/03/20 18:29:42 [notice] 1#1: using the "epoll" event method
2022/03/20 18:29:42 [notice] 1#1: nginx/1.21.6
2022/03/20 18:29:42 [notice] 1#1: built by gcc 10.2.1 20210110 (Debian 10.2.1-6) 
2022/03/20 18:29:42 [notice] 1#1: OS: Linux 5.10.76-linuxkit
2022/03/20 18:29:42 [notice] 1#1: getrlimit(RLIMIT_NOFILE): 1048576:1048576
2022/03/20 18:29:42 [notice] 1#1: start worker processes
2022/03/20 18:29:42 [notice] 1#1: start worker process 30
2022/03/20 18:29:42 [notice] 1#1: start worker process 31
2022/03/21 03:48:23 [notice] 1#1: signal 3 (SIGQUIT) received, shutting down
2022/03/21 03:48:23 [notice] 31#31: gracefully shutting down
2022/03/21 03:48:23 [notice] 30#30: gracefully shutting down
2022/03/21 03:48:23 [notice] 31#31: exiting
2022/03/21 03:48:23 [notice] 31#31: exit
2022/03/21 03:48:23 [notice] 30#30: exiting
2022/03/21 03:48:23 [notice] 30#30: exit
2022/03/21 03:48:23 [notice] 1#1: signal 17 (SIGCHLD) received from 30
2022/03/21 03:48:23 [notice] 1#1: worker process 30 exited with code 0
2022/03/21 03:48:23 [notice] 1#1: signal 29 (SIGIO) received
2022/03/21 03:48:23 [notice] 1#1: signal 17 (SIGCHLD) received from 31
2022/03/21 03:48:23 [notice] 1#1: worker process 31 exited with code 0
2022/03/21 03:48:23 [notice] 1#1: exit
